<?xml version="1.0" ?>
<!DOCTYPE coverage SYSTEM 'http://cobertura.sourceforge.net/xml/coverage-03.dtd'>
<coverage line-rate="0.000" version="1.9" timestamp="1520861044">
	<sources>
		<source>/</source>
	</sources>
	<packages>
		<package name="roman_spec" line-rate="0.000" branch-rate="1.0" complexity="1.0">
			<classes>
				<class name="fcntl2_h" filename="usr/include/x86_64-linux-gnu/bits/fcntl2.h" line-rate="0.000">
					<lines>
						<line number="53" hits="0"/>
					</lines>
				</class>
				<class name="stdio2_h" filename="usr/include/x86_64-linux-gnu/bits/stdio2.h" line-rate="0.000">
					<lines>
						<line number="97" hits="0"/>
					</lines>
				</class>
				<class name="methods_cr" filename="usr/share/crystal/src/spec/methods.cr" line-rate="0.000">
					<lines>
						<line number="38" hits="0"/>
						<line number="39" hits="0"/>
						<line number="41" hits="0"/>
						<line number="45" hits="0"/>
						<line number="47" hits="0"/>
						<line number="50" hits="0"/>
						<line number="53" hits="0"/>
					</lines>
				</class>
				<class name="roman_cr" filename="home/david_yoteau/workspace/roman.cr/src/roman.cr" line-rate="0.000">
					<lines>
						<line number="10" hits="0"/>
						<line number="12" hits="0"/>
						<line number="13" hits="0"/>
						<line number="15" hits="0"/>
						<line number="18" hits="0"/>
						<line number="21" hits="0"/>
						<line number="24" hits="0"/>
						<line number="27" hits="0"/>
						<line number="30" hits="0"/>
						<line number="33" hits="0"/>
						<line number="36" hits="0"/>
						<line number="39" hits="0"/>
						<line number="42" hits="0"/>
						<line number="45" hits="0"/>
						<line number="51" hits="0"/>
						<line number="52" hits="0"/>
					</lines>
				</class>
				<class name="grisu3_cr" filename="usr/share/crystal/src/float/printer/grisu3.cr" line-rate="0.000">
					<lines>
						<line number="24" hits="0"/>
						<line number="52" hits="0"/>
						<line number="53" hits="0"/>
						<line number="54" hits="0"/>
						<line number="132" hits="0"/>
						<line number="145" hits="0"/>
						<line number="155" hits="0"/>
						<line number="216" hits="0"/>
						<line number="217" hits="0"/>
						<line number="231" hits="0"/>
						<line number="245" hits="0"/>
						<line number="246" hits="0"/>
						<line number="249" hits="0"/>
						<line number="251" hits="0"/>
						<line number="256" hits="0"/>
						<line number="260" hits="0"/>
						<line number="263" hits="0"/>
						<line number="280" hits="0"/>
						<line number="281" hits="0"/>
						<line number="283" hits="0"/>
						<line number="285" hits="0"/>
						<line number="286" hits="0"/>
						<line number="287" hits="0"/>
						<line number="289" hits="0"/>
						<line number="290" hits="0"/>
						<line number="352" hits="0"/>
					</lines>
				</class>
				<class name="reference_cr" filename="usr/share/crystal/src/reference.cr" line-rate="0.000">
					<lines>
						<line number="28" hits="0"/>
					</lines>
				</class>
				<class name="option_parser_cr" filename="usr/share/crystal/src/option_parser.cr" line-rate="0.000">
					<lines>
						<line number="1" hits="0"/>
						<line number="32" hits="0"/>
						<line number="33" hits="0"/>
						<line number="38" hits="0"/>
						<line number="39" hits="0"/>
						<line number="51" hits="0"/>
						<line number="70" hits="0"/>
						<line number="71" hits="0"/>
						<line number="72" hits="0"/>
						<line number="73" hits="0"/>
						<line number="74" hits="0"/>
						<line number="92" hits="0"/>
						<line number="108" hits="0"/>
						<line number="109" hits="0"/>
						<line number="115" hits="0"/>
						<line number="116" hits="0"/>
						<line number="119" hits="0"/>
						<line number="121" hits="0"/>
						<line number="122" hits="0"/>
						<line number="123" hits="0"/>
						<line number="124" hits="0"/>
						<line number="127" hits="0"/>
						<line number="128" hits="0"/>
						<line number="143" hits="0"/>
						<line number="162" hits="0"/>
						<line number="164" hits="0"/>
						<line number="169" hits="0"/>
						<line number="170" hits="0"/>
						<line number="171" hits="0"/>
						<line number="173" hits="0"/>
						<line number="179" hits="0"/>
						<line number="183" hits="0"/>
						<line number="188" hits="0"/>
						<line number="189" hits="0"/>
						<line number="191" hits="0"/>
						<line number="192" hits="0"/>
						<line number="206" hits="0"/>
						<line number="208" hits="0"/>
						<line number="211" hits="0"/>
						<line number="212" hits="0"/>
						<line number="213" hits="0"/>
						<line number="214" hits="0"/>
						<line number="215" hits="0"/>
						<line number="218" hits="0"/>
						<line number="226" hits="0"/>
						<line number="230" hits="0"/>
						<line number="231" hits="0"/>
						<line number="232" hits="0"/>
						<line number="233" hits="0"/>
						<line number="234" hits="0"/>
						<line number="236" hits="0"/>
						<line number="237" hits="0"/>
						<line number="238" hits="0"/>
						<line number="239" hits="0"/>
						<line number="245" hits="0"/>
						<line number="252" hits="0"/>
						<line number="253" hits="0"/>
						<line number="255" hits="0"/>
						<line number="257" hits="0"/>
						<line number="260" hits="0"/>
						<line number="264" hits="0"/>
						<line number="266" hits="0"/>
						<line number="267" hits="0"/>
						<line number="276" hits="0"/>
						<line number="277" hits="0"/>
						<line number="279" hits="0"/>
						<line number="280" hits="0"/>
						<line number="283" hits="0"/>
						<line number="286" hits="0"/>
						<line number="287" hits="0"/>
						<line number="298" hits="0"/>
						<line number="302" hits="0"/>
						<line number="304" hits="0"/>
						<line number="311" hits="0"/>
						<line number="318" hits="0"/>
						<line number="319" hits="0"/>
						<line number="323" hits="0"/>
						<line number="325" hits="0"/>
						<line number="327" hits="0"/>
					</lines>
				</class>
				<class name="mutex_cr" filename="usr/share/crystal/src/thread/mutex.cr" line-rate="0.000">
					<lines>
						<line number="1" hits="0"/>
					</lines>
				</class>
				<class name="indexable_cr" filename="usr/share/crystal/src/indexable.cr" line-rate="0.000">
					<lines>
						<line number="40" hits="0"/>
						<line number="53" hits="0"/>
						<line number="210" hits="0"/>
						<line number="250" hits="0"/>
						<line number="251" hits="0"/>
						<line number="261" hits="0"/>
						<line number="290" hits="0"/>
						<line number="319" hits="0"/>
						<line number="329" hits="0"/>
						<line number="346" hits="0"/>
						<line number="358" hits="0"/>
						<line number="364" hits="0"/>
						<line number="380" hits="0"/>
						<line number="381" hits="0"/>
						<line number="384" hits="0"/>
						<line number="440" hits="0"/>
						<line number="444" hits="0"/>
						<line number="453" hits="0"/>
						<line number="455" hits="0"/>
						<line number="456" hits="0"/>
						<line number="459" hits="0"/>
						<line number="460" hits="0"/>
						<line number="462" hits="0"/>
					</lines>
				</class>
				<class name="getrandom_cr" filename="usr/share/crystal/src/crystal/system/unix/getrandom.cr" line-rate="0.000">
					<lines>
						<line number="12" hits="0"/>
						<line number="14" hits="0"/>
						<line number="15" hits="0"/>
						<line number="18" hits="0"/>
						<line number="22" hits="0"/>
						<line number="28" hits="0"/>
						<line number="30" hits="0"/>
						<line number="32" hits="0"/>
						<line number="35" hits="0"/>
						<line number="59" hits="0"/>
						<line number="60" hits="0"/>
						<line number="64" hits="0"/>
						<line number="65" hits="0"/>
						<line number="79" hits="0"/>
						<line number="81" hits="0"/>
						<line number="82" hits="0"/>
						<line number="83" hits="0"/>
					</lines>
				</class>
				<class name="signal_child_handler_cr" filename="usr/share/crystal/src/event/signal_child_handler.cr" line-rate="0.000">
					<lines>
						<line number="8" hits="0"/>
						<line number="9" hits="0"/>
						<line number="16" hits="0"/>
						<line number="17" hits="0"/>
						<line number="18" hits="0"/>
						<line number="29" hits="0"/>
						<line number="31" hits="0"/>
						<line number="34" hits="0"/>
						<line number="45" hits="0"/>
						<line number="46" hits="0"/>
						<line number="47" hits="0"/>
					</lines>
				</class>
				<class name="hash_cr" filename="usr/share/crystal/src/hash.cr" line-rate="0.000">
					<lines>
						<line number="20" hits="0"/>
						<line number="22" hits="0"/>
						<line number="23" hits="0"/>
						<line number="42" hits="0"/>
						<line number="46" hits="0"/>
						<line number="48" hits="0"/>
						<line number="50" hits="0"/>
						<line number="55" hits="0"/>
						<line number="56" hits="0"/>
						<line number="76" hits="0"/>
						<line number="152" hits="0"/>
						<line number="183" hits="0"/>
						<line number="223" hits="0"/>
						<line number="227" hits="0"/>
						<line number="228" hits="0"/>
						<line number="229" hits="0"/>
						<line number="231" hits="0"/>
						<line number="232" hits="0"/>
						<line number="236" hits="0"/>
						<line number="240" hits="0"/>
						<line number="244" hits="0"/>
						<line number="248" hits="0"/>
						<line number="253" hits="0"/>
						<line number="289" hits="0"/>
						<line number="334" hits="0"/>
						<line number="808" hits="0"/>
						<line number="809" hits="0"/>
						<line number="810" hits="0"/>
						<line number="811" hits="0"/>
						<line number="813" hits="0"/>
						<line number="814" hits="0"/>
						<line number="815" hits="0"/>
						<line number="838" hits="0"/>
						<line number="845" hits="0"/>
						<line number="847" hits="0"/>
						<line number="851" hits="0"/>
						<line number="863" hits="0"/>
						<line number="864" hits="0"/>
						<line number="873" hits="0"/>
						<line number="877" hits="0"/>
						<line number="879" hits="0"/>
						<line number="882" hits="0"/>
						<line number="887" hits="0"/>
						<line number="890" hits="0"/>
						<line number="893" hits="0"/>
						<line number="896" hits="0"/>
						<line number="898" hits="0"/>
					</lines>
				</class>
				<class name="roman_spec_cr" filename="home/david_yoteau/workspace/roman.cr/spec/roman_spec.cr" line-rate="0.000">
					<lines>
						<line number="3" hits="0"/>
					</lines>
				</class>
				<class name="box_cr" filename="usr/share/crystal/src/box.cr" line-rate="0.000">
					<lines>
						<line number="14" hits="0"/>
						<line number="24" hits="0"/>
					</lines>
				</class>
				<class name="signal_cr" filename="usr/share/crystal/src/signal.cr" line-rate="0.000">
					<lines>
						<line number="1" hits="0"/>
						<line number="107" hits="0"/>
						<line number="116" hits="0"/>
						<line number="131" hits="0"/>
						<line number="137" hits="0"/>
						<line number="138" hits="0"/>
						<line number="139" hits="0"/>
						<line number="147" hits="0"/>
						<line number="148" hits="0"/>
						<line number="151" hits="0"/>
						<line number="152" hits="0"/>
						<line number="153" hits="0"/>
						<line number="156" hits="0"/>
					</lines>
				</class>
				<class name="expectations_cr" filename="usr/share/crystal/src/spec/expectations.cr" line-rate="0.000">
					<lines>
						<line number="14" hits="0"/>
						<line number="15" hits="0"/>
						<line number="16" hits="0"/>
						<line number="18" hits="0"/>
						<line number="333" hits="0"/>
						<line number="335" hits="0"/>
					</lines>
				</class>
				<class name="dir_cr" filename="usr/share/crystal/src/dir.cr" line-rate="0.000">
					<lines>
						<line number="157" hits="0"/>
						<line number="158" hits="0"/>
						<line number="160" hits="0"/>
						<line number="183" hits="0"/>
						<line number="217" hits="0"/>
						<line number="218" hits="0"/>
						<line number="219" hits="0"/>
						<line number="222" hits="0"/>
						<line number="225" hits="0"/>
						<line number="249" hits="0"/>
						<line number="250" hits="0"/>
						<line number="259" hits="0"/>
						<line number="261" hits="0"/>
						<line number="269" hits="0"/>
						<line number="271" hits="0"/>
					</lines>
				</class>
				<class name="scheduler_cr" filename="usr/share/crystal/src/concurrent/scheduler.cr" line-rate="0.000">
					<lines>
						<line number="8" hits="0"/>
						<line number="9" hits="0"/>
						<line number="18" hits="0"/>
						<line number="25" hits="0"/>
						<line number="33" hits="0"/>
						<line number="61" hits="0"/>
						<line number="112" hits="0"/>
					</lines>
				</class>
				<class name="string_cr" filename="usr/share/crystal/src/string.cr" line-rate="0.000">
					<lines>
						<line number="28" hits="0"/>
						<line number="180" hits="0"/>
						<line number="183" hits="0"/>
						<line number="191" hits="0"/>
						<line number="192" hits="0"/>
						<line number="206" hits="0"/>
						<line number="208" hits="0"/>
						<line number="235" hits="0"/>
						<line number="239" hits="0"/>
						<line number="242" hits="0"/>
						<line number="248" hits="0"/>
						<line number="252" hits="0"/>
						<line number="318" hits="0"/>
						<line number="319" hits="0"/>
						<line number="334" hits="0"/>
						<line number="346" hits="0"/>
						<line number="418" hits="0"/>
						<line number="520" hits="0"/>
						<line number="521" hits="0"/>
						<line number="539" hits="0"/>
						<line number="563" hits="0"/>
						<line number="564" hits="0"/>
						<line number="578" hits="0"/>
						<line number="580" hits="0"/>
						<line number="596" hits="0"/>
						<line number="597" hits="0"/>
						<line number="599" hits="0"/>
						<line number="600" hits="0"/>
						<line number="604" hits="0"/>
						<line number="717" hits="0"/>
						<line number="733" hits="0"/>
						<line number="734" hits="0"/>
						<line number="747" hits="0"/>
						<line number="748" hits="0"/>
						<line number="756" hits="0"/>
						<line number="760" hits="0"/>
						<line number="761" hits="0"/>
						<line number="763" hits="0"/>
						<line number="765" hits="0"/>
						<line number="772" hits="0"/>
						<line number="774" hits="0"/>
						<line number="777" hits="0"/>
						<line number="784" hits="0"/>
						<line number="787" hits="0"/>
						<line number="828" hits="0"/>
						<line number="831" hits="0"/>
						<line number="837" hits="0"/>
						<line number="839" hits="0"/>
						<line number="840" hits="0"/>
						<line number="841" hits="0"/>
						<line number="848" hits="0"/>
						<line number="849" hits="0"/>
						<line number="853" hits="0"/>
						<line number="855" hits="0"/>
						<line number="856" hits="0"/>
						<line number="857" hits="0"/>
						<line number="865" hits="0"/>
						<line number="871" hits="0"/>
						<line number="896" hits="0"/>
						<line number="898" hits="0"/>
						<line number="1005" hits="0"/>
						<line number="1006" hits="0"/>
						<line number="1008" hits="0"/>
						<line number="1009" hits="0"/>
						<line number="1010" hits="0"/>
						<line number="1032" hits="0"/>
						<line number="1033" hits="0"/>
						<line number="1077" hits="0"/>
						<line number="1078" hits="0"/>
						<line number="1091" hits="0"/>
						<line number="1092" hits="0"/>
						<line number="1310" hits="0"/>
						<line number="1489" hits="0"/>
						<line number="1490" hits="0"/>
						<line number="1525" hits="0"/>
						<line number="1689" hits="0"/>
						<line number="1818" hits="0"/>
						<line number="1819" hits="0"/>
						<line number="1822" hits="0"/>
						<line number="1823" hits="0"/>
						<line number="1824" hits="0"/>
						<line number="1826" hits="0"/>
						<line number="2012" hits="0"/>
						<line number="2013" hits="0"/>
						<line number="2014" hits="0"/>
						<line number="2017" hits="0"/>
						<line number="2022" hits="0"/>
						<line number="2031" hits="0"/>
						<line number="2034" hits="0"/>
						<line number="2048" hits="0"/>
						<line number="2124" hits="0"/>
						<line number="2191" hits="0"/>
						<line number="2192" hits="0"/>
						<line number="2194" hits="0"/>
						<line number="2197" hits="0"/>
						<line number="2198" hits="0"/>
						<line number="2200" hits="0"/>
						<line number="2201" hits="0"/>
						<line number="2202" hits="0"/>
						<line number="2205" hits="0"/>
						<line number="2207" hits="0"/>
						<line number="2213" hits="0"/>
						<line number="2216" hits="0"/>
						<line number="2217" hits="0"/>
						<line number="2341" hits="0"/>
						<line number="2361" hits="0"/>
						<line number="2362" hits="0"/>
						<line number="2443" hits="0"/>
						<line number="2444" hits="0"/>
						<line number="2445" hits="0"/>
						<line number="2446" hits="0"/>
						<line number="2460" hits="0"/>
						<line number="2461" hits="0"/>
						<line number="2466" hits="0"/>
						<line number="2467" hits="0"/>
						<line number="2469" hits="0"/>
						<line number="2482" hits="0"/>
						<line number="2485" hits="0"/>
						<line number="2500" hits="0"/>
						<line number="2502" hits="0"/>
						<line number="2506" hits="0"/>
						<line number="2851" hits="0"/>
						<line number="2853" hits="0"/>
						<line number="2916" hits="0"/>
						<line number="2922" hits="0"/>
						<line number="2924" hits="0"/>
						<line number="2938" hits="0"/>
						<line number="2940" hits="0"/>
						<line number="2950" hits="0"/>
						<line number="2951" hits="0"/>
						<line number="3063" hits="0"/>
						<line number="3066" hits="0"/>
						<line number="3093" hits="0"/>
						<line number="3106" hits="0"/>
						<line number="3108" hits="0"/>
						<line number="3111" hits="0"/>
						<line number="3112" hits="0"/>
						<line number="3138" hits="0"/>
						<line number="3141" hits="0"/>
						<line number="3175" hits="0"/>
						<line number="3198" hits="0"/>
						<line number="3200" hits="0"/>
						<line number="3201" hits="0"/>
						<line number="3207" hits="0"/>
						<line number="3208" hits="0"/>
						<line number="3209" hits="0"/>
						<line number="3212" hits="0"/>
						<line number="3217" hits="0"/>
						<line number="3317" hits="0"/>
						<line number="3390" hits="0"/>
						<line number="3398" hits="0"/>
						<line number="3399" hits="0"/>
						<line number="3400" hits="0"/>
						<line number="3401" hits="0"/>
						<line number="3411" hits="0"/>
						<line number="3412" hits="0"/>
						<line number="3421" hits="0"/>
						<line number="3423" hits="0"/>
						<line number="3426" hits="0"/>
						<line number="3428" hits="0"/>
						<line number="3432" hits="0"/>
						<line number="3433" hits="0"/>
						<line number="3436" hits="0"/>
						<line number="3445" hits="0"/>
						<line number="3531" hits="0"/>
						<line number="3535" hits="0"/>
						<line number="3544" hits="0"/>
						<line number="3545" hits="0"/>
						<line number="3555" hits="0"/>
						<line number="3693" hits="0"/>
						<line number="3695" hits="0"/>
						<line number="3698" hits="0"/>
						<line number="3832" hits="0"/>
						<line number="3834" hits="0"/>
						<line number="3883" hits="0"/>
						<line number="3887" hits="0"/>
						<line number="3888" hits="0"/>
						<line number="3891" hits="0"/>
						<line number="3901" hits="0"/>
						<line number="3902" hits="0"/>
						<line number="3904" hits="0"/>
						<line number="3911" hits="0"/>
						<line number="3913" hits="0"/>
						<line number="3919" hits="0"/>
						<line number="3923" hits="0"/>
						<line number="3936" hits="0"/>
						<line number="3947" hits="0"/>
						<line number="3953" hits="0"/>
						<line number="3954" hits="0"/>
						<line number="3955" hits="0"/>
						<line number="3961" hits="0"/>
						<line number="3962" hits="0"/>
						<line number="3965" hits="0"/>
						<line number="3979" hits="0"/>
						<line number="3982" hits="0"/>
						<line number="4016" hits="0"/>
						<line number="4020" hits="0"/>
						<line number="4030" hits="0"/>
						<line number="4031" hits="0"/>
						<line number="4072" hits="0"/>
						<line number="4076" hits="0"/>
						<line number="4081" hits="0"/>
						<line number="4085" hits="0"/>
						<line number="4090" hits="0"/>
						<line number="4094" hits="0"/>
						<line number="4102" hits="0"/>
						<line number="4110" hits="0"/>
						<line number="4117" hits="0"/>
						<line number="4119" hits="0"/>
						<line number="4138" hits="0"/>
						<line number="4139" hits="0"/>
						<line number="4146" hits="0"/>
						<line number="4150" hits="0"/>
						<line number="4159" hits="0"/>
						<line number="4186" hits="0"/>
						<line number="4192" hits="0"/>
						<line number="4193" hits="0"/>
						<line number="4196" hits="0"/>
						<line number="4197" hits="0"/>
					</lines>
				</class>
				<class name="primitives_cr" filename="usr/share/crystal/src/primitives.cr" line-rate="0.000">
					<lines>
						<line number="36" hits="0"/>
					</lines>
				</class>
				<class name="span_cr" filename="usr/share/crystal/src/time/span.cr" line-rate="0.000">
					<lines>
						<line number="69" hits="0"/>
						<line number="76" hits="0"/>
						<line number="78" hits="0"/>
						<line number="79" hits="0"/>
						<line number="220" hits="0"/>
						<line number="225" hits="0"/>
						<line number="231" hits="0"/>
						<line number="265" hits="0"/>
						<line number="267" hits="0"/>
					</lines>
				</class>
				<class name="thread_cr" filename="usr/share/crystal/src/thread.cr" line-rate="0.000">
					<lines>
						<line number="13" hits="0"/>
						<line number="31" hits="0"/>
						<line number="33" hits="0"/>
						<line number="35" hits="0"/>
						<line number="39" hits="0"/>
						<line number="56" hits="0"/>
					</lines>
				</class>
				<class name="deque_cr" filename="usr/share/crystal/src/deque.cr" line-rate="0.000">
					<lines>
						<line number="26" hits="0"/>
						<line number="28" hits="0"/>
						<line number="104" hits="0"/>
						<line number="135" hits="0"/>
						<line number="160" hits="0"/>
						<line number="163" hits="0"/>
						<line number="178" hits="0"/>
						<line number="405" hits="0"/>
						<line number="406" hits="0"/>
						<line number="408" hits="0"/>
						<line number="410" hits="0"/>
						<line number="452" hits="0"/>
						<line number="457" hits="0"/>
						<line number="458" hits="0"/>
						<line number="459" hits="0"/>
						<line number="518" hits="0"/>
						<line number="519" hits="0"/>
						<line number="521" hits="0"/>
						<line number="522" hits="0"/>
						<line number="526" hits="0"/>
						<line number="531" hits="0"/>
						<line number="532" hits="0"/>
						<line number="533" hits="0"/>
						<line number="537" hits="0"/>
						<line number="538" hits="0"/>
						<line number="539" hits="0"/>
						<line number="542" hits="0"/>
						<line number="548" hits="0"/>
						<line number="550" hits="0"/>
						<line number="554" hits="0"/>
						<line number="558" hits="0"/>
					</lines>
				</class>
				<class name="context_cr" filename="usr/share/crystal/src/spec/context.cr" line-rate="0.000">
					<lines>
						<line number="7" hits="0"/>
						<line number="17" hits="0"/>
						<line number="18" hits="0"/>
						<line number="31" hits="0"/>
						<line number="36" hits="0"/>
						<line number="39" hits="0"/>
						<line number="40" hits="0"/>
						<line number="42" hits="0"/>
						<line number="45" hits="0"/>
						<line number="46" hits="0"/>
						<line number="49" hits="0"/>
						<line number="53" hits="0"/>
						<line number="54" hits="0"/>
						<line number="61" hits="0"/>
						<line number="65" hits="0"/>
						<line number="69" hits="0"/>
						<line number="73" hits="0"/>
						<line number="75" hits="0"/>
						<line number="77" hits="0"/>
						<line number="79" hits="0"/>
						<line number="80" hits="0"/>
						<line number="85" hits="0"/>
						<line number="86" hits="0"/>
						<line number="87" hits="0"/>
						<line number="89" hits="0"/>
						<line number="91" hits="0"/>
						<line number="92" hits="0"/>
						<line number="96" hits="0"/>
						<line number="98" hits="0"/>
						<line number="104" hits="0"/>
						<line number="105" hits="0"/>
						<line number="107" hits="0"/>
						<line number="108" hits="0"/>
						<line number="109" hits="0"/>
						<line number="110" hits="0"/>
						<line number="112" hits="0"/>
						<line number="113" hits="0"/>
						<line number="114" hits="0"/>
						<line number="115" hits="0"/>
						<line number="117" hits="0"/>
						<line number="121" hits="0"/>
						<line number="123" hits="0"/>
						<line number="126" hits="0"/>
						<line number="130" hits="0"/>
						<line number="132" hits="0"/>
						<line number="133" hits="0"/>
						<line number="140" hits="0"/>
						<line number="141" hits="0"/>
						<line number="149" hits="0"/>
						<line number="152" hits="0"/>
						<line number="154" hits="0"/>
						<line number="158" hits="0"/>
						<line number="159" hits="0"/>
						<line number="174" hits="0"/>
						<line number="177" hits="0"/>
						<line number="178" hits="0"/>
						<line number="181" hits="0"/>
						<line number="182" hits="0"/>
						<line number="183" hits="0"/>
						<line number="185" hits="0"/>
						<line number="187" hits="0"/>
					</lines>
				</class>
				<class name="signal_handler_cr" filename="usr/share/crystal/src/event/signal_handler.cr" line-rate="0.000">
					<lines>
						<line number="1" hits="0"/>
						<line number="11" hits="0"/>
						<line number="20" hits="0"/>
						<line number="22" hits="0"/>
						<line number="26" hits="0"/>
						<line number="34" hits="0"/>
						<line number="35" hits="0"/>
						<line number="36" hits="0"/>
						<line number="37" hits="0"/>
						<line number="43" hits="0"/>
						<line number="67" hits="0"/>
						<line number="74" hits="0"/>
						<line number="80" hits="0"/>
						<line number="83" hits="0"/>
						<line number="86" hits="0"/>
						<line number="87" hits="0"/>
						<line number="88" hits="0"/>
						<line number="89" hits="0"/>
						<line number="92" hits="0"/>
					</lines>
				</class>
				<class name="xpath_context_cr" filename="usr/share/crystal/src/xml/xpath_context.cr" line-rate="0.000">
					<lines>
						<line number="72" hits="0"/>
					</lines>
				</class>
				<class name="tuple_cr" filename="usr/share/crystal/src/tuple.cr" line-rate="0.000">
					<lines>
						<line number="166" hits="0"/>
						<line number="178" hits="0"/>
						<line number="179" hits="0"/>
					</lines>
				</class>
				<class name="errno_cr" filename="usr/share/crystal/src/errno.cr" line-rate="0.000">
					<lines>
						<line number="216" hits="0"/>
						<line number="217" hits="0"/>
						<line number="221" hits="0"/>
					</lines>
				</class>
				<class name="junit_formatter_cr" filename="usr/share/crystal/src/spec/junit_formatter.cr" line-rate="0.000">
					<lines>
						<line number="7" hits="0"/>
						<line number="8" hits="0"/>
						<line number="10" hits="0"/>
						<line number="23" hits="0"/>
						<line number="24" hits="0"/>
						<line number="25" hits="0"/>
						<line number="28" hits="0"/>
						<line number="29" hits="0"/>
						<line number="34" hits="0"/>
						<line number="35" hits="0"/>
						<line number="39" hits="0"/>
						<line number="41" hits="0"/>
						<line number="43" hits="0"/>
						<line number="48" hits="0"/>
						<line number="49" hits="0"/>
						<line number="61" hits="0"/>
						<line number="62" hits="0"/>
						<line number="71" hits="0"/>
						<line number="73" hits="0"/>
						<line number="75" hits="0"/>
						<line number="81" hits="0"/>
						<line number="88" hits="0"/>
						<line number="94" hits="0"/>
					</lines>
				</class>
				<class name="executable_path_cr" filename="usr/share/crystal/src/process/executable_path.cr" line-rate="0.000">
					<lines>
						<line number="1" hits="0"/>
					</lines>
				</class>
				<class name="set_cr" filename="usr/share/crystal/src/set.cr" line-rate="0.000">
					<lines>
						<line number="37" hits="0"/>
					</lines>
				</class>
				<class name="fiber_cr" filename="usr/share/crystal/src/fiber.cr" line-rate="0.000">
					<lines>
						<line number="5" hits="0"/>
						<line number="22" hits="0"/>
						<line number="23" hits="0"/>
						<line number="26" hits="0"/>
						<line number="27" hits="0"/>
						<line number="28" hits="0"/>
						<line number="34" hits="0"/>
						<line number="37" hits="0"/>
						<line number="73" hits="0"/>
						<line number="74" hits="0"/>
						<line number="75" hits="0"/>
						<line number="76" hits="0"/>
						<line number="78" hits="0"/>
						<line number="82" hits="0"/>
						<line number="83" hits="0"/>
						<line number="84" hits="0"/>
						<line number="85" hits="0"/>
						<line number="86" hits="0"/>
						<line number="87" hits="0"/>
						<line number="89" hits="0"/>
						<line number="92" hits="0"/>
						<line number="93" hits="0"/>
						<line number="98" hits="0"/>
						<line number="99" hits="0"/>
						<line number="102" hits="0"/>
						<line number="107" hits="0"/>
						<line number="108" hits="0"/>
						<line number="111" hits="0"/>
						<line number="115" hits="0"/>
						<line number="116" hits="0"/>
						<line number="118" hits="0"/>
						<line number="119" hits="0"/>
						<line number="121" hits="0"/>
						<line number="123" hits="0"/>
						<line number="126" hits="0"/>
						<line number="129" hits="0"/>
						<line number="135" hits="0"/>
						<line number="138" hits="0"/>
						<line number="142" hits="0"/>
						<line number="144" hits="0"/>
						<line number="149" hits="0"/>
						<line number="255" hits="0"/>
						<line number="259" hits="0"/>
						<line number="260" hits="0"/>
						<line number="261" hits="0"/>
						<line number="269" hits="0"/>
						<line number="271" hits="0"/>
						<line number="310" hits="0"/>
						<line number="317" hits="0"/>
					</lines>
				</class>
				<class name="io_cr" filename="usr/share/crystal/src/io.cr" line-rate="0.000">
					<lines>
						<line number="28" hits="0"/>
						<line number="125" hits="0"/>
						<line number="146" hits="0"/>
						<line number="147" hits="0"/>
						<line number="191" hits="0"/>
						<line number="192" hits="0"/>
						<line number="206" hits="0"/>
						<line number="234" hits="0"/>
						<line number="236" hits="0"/>
						<line number="249" hits="0"/>
						<line number="483" hits="0"/>
						<line number="484" hits="0"/>
						<line number="485" hits="0"/>
						<line number="487" hits="0"/>
						<line number="493" hits="0"/>
						<line number="494" hits="0"/>
						<line number="500" hits="0"/>
						<line number="501" hits="0"/>
						<line number="502" hits="0"/>
						<line number="519" hits="0"/>
						<line number="535" hits="0"/>
						<line number="536" hits="0"/>
						<line number="537" hits="0"/>
						<line number="610" hits="0"/>
						<line number="628" hits="0"/>
						<line number="632" hits="0"/>
						<line number="659" hits="0"/>
						<line number="661" hits="0"/>
						<line number="662" hits="0"/>
						<line number="669" hits="0"/>
						<line number="670" hits="0"/>
						<line number="672" hits="0"/>
						<line number="673" hits="0"/>
						<line number="678" hits="0"/>
						<line number="688" hits="0"/>
						<line number="689" hits="0"/>
						<line number="693" hits="0"/>
						<line number="702" hits="0"/>
						<line number="710" hits="0"/>
						<line number="711" hits="0"/>
						<line number="712" hits="0"/>
						<line number="716" hits="0"/>
						<line number="717" hits="0"/>
						<line number="834" hits="0"/>
						<line number="835" hits="0"/>
						<line number="836" hits="0"/>
						<line number="858" hits="0"/>
						<line number="859" hits="0"/>
						<line number="894" hits="0"/>
						<line number="895" hits="0"/>
					</lines>
				</class>
				<class name="boehm_cr" filename="usr/share/crystal/src/gc/boehm.cr" line-rate="0.000">
					<lines>
						<line number="65" hits="0"/>
						<line number="66" hits="0"/>
						<line number="71" hits="0"/>
						<line number="75" hits="0"/>
						<line number="76" hits="0"/>
						<line number="80" hits="0"/>
						<line number="81" hits="0"/>
						<line number="100" hits="0"/>
						<line number="101" hits="0"/>
						<line number="113" hits="0"/>
						<line number="163" hits="0"/>
						<line number="167" hits="0"/>
						<line number="172" hits="0"/>
						<line number="178" hits="0"/>
						<line number="183" hits="0"/>
						<line number="184" hits="0"/>
						<line number="186" hits="0"/>
					</lines>
				</class>
				<class name="time_cr" filename="usr/share/crystal/src/lib_c/x86_64-linux-gnu/c/time.cr" line-rate="0.000">
					<lines>
						<line number="1" hits="0"/>
					</lines>
				</class>
				<class name="sized_cr" filename="usr/share/crystal/src/io/sized.cr" line-rate="0.000">
					<lines>
						<line number="75" hits="0"/>
						<line number="76" hits="0"/>
						<line number="79" hits="0"/>
						<line number="80" hits="0"/>
						<line number="81" hits="0"/>
						<line number="83" hits="0"/>
					</lines>
				</class>
				<class name="env_cr" filename="usr/share/crystal/src/env.cr" line-rate="0.000">
					<lines>
						<line number="62" hits="0"/>
						<line number="75" hits="0"/>
						<line number="76" hits="0"/>
					</lines>
				</class>
				<class name="elf_cr" filename="usr/share/crystal/src/debug/elf.cr" line-rate="0.000">
					<lines>
						<line number="1" hits="0"/>
						<line number="96" hits="0"/>
						<line number="99" hits="0"/>
						<line number="117" hits="0"/>
						<line number="118" hits="0"/>
						<line number="120" hits="0"/>
						<line number="121" hits="0"/>
						<line number="122" hits="0"/>
						<line number="123" hits="0"/>
						<line number="124" hits="0"/>
						<line number="130" hits="0"/>
						<line number="132" hits="0"/>
						<line number="138" hits="0"/>
						<line number="143" hits="0"/>
						<line number="144" hits="0"/>
						<line number="145" hits="0"/>
						<line number="153" hits="0"/>
						<line number="160" hits="0"/>
						<line number="161" hits="0"/>
						<line number="164" hits="0"/>
						<line number="165" hits="0"/>
						<line number="166" hits="0"/>
						<line number="168" hits="0"/>
						<line number="169" hits="0"/>
						<line number="171" hits="0"/>
						<line number="172" hits="0"/>
						<line number="175" hits="0"/>
						<line number="177" hits="0"/>
						<line number="181" hits="0"/>
						<line number="182" hits="0"/>
						<line number="183" hits="0"/>
						<line number="188" hits="0"/>
						<line number="189" hits="0"/>
						<line number="190" hits="0"/>
						<line number="191" hits="0"/>
						<line number="194" hits="0"/>
						<line number="195" hits="0"/>
						<line number="201" hits="0"/>
						<line number="202" hits="0"/>
						<line number="203" hits="0"/>
						<line number="204" hits="0"/>
						<line number="220" hits="0"/>
						<line number="223" hits="0"/>
						<line number="224" hits="0"/>
						<line number="227" hits="0"/>
						<line number="229" hits="0"/>
						<line number="230" hits="0"/>
						<line number="231" hits="0"/>
						<line number="236" hits="0"/>
						<line number="237" hits="0"/>
						<line number="239" hits="0"/>
						<line number="240" hits="0"/>
						<line number="242" hits="0"/>
						<line number="243" hits="0"/>
						<line number="244" hits="0"/>
						<line number="246" hits="0"/>
						<line number="248" hits="0"/>
						<line number="250" hits="0"/>
						<line number="251" hits="0"/>
						<line number="253" hits="0"/>
						<line number="256" hits="0"/>
						<line number="257" hits="0"/>
						<line number="259" hits="0"/>
						<line number="260" hits="0"/>
						<line number="261" hits="0"/>
					</lines>
				</class>
				<class name="gc_cr" filename="usr/share/crystal/src/gc.cr" line-rate="0.000">
					<lines>
						<line number="2" hits="0"/>
						<line number="7" hits="0"/>
						<line number="12" hits="0"/>
						<line number="17" hits="0"/>
						<line number="28" hits="0"/>
						<line number="39" hits="0"/>
					</lines>
				</class>
				<class name="strings_cr" filename="usr/share/crystal/src/debug/dwarf/strings.cr" line-rate="0.000">
					<lines>
						<line number="1" hits="0"/>
						<line number="7" hits="0"/>
						<line number="9" hits="0"/>
					</lines>
				</class>
				<class name="lib_pcre_cr" filename="usr/share/crystal/src/regex/lib_pcre.cr" line-rate="0.000">
					<lines>
						<line number="27" hits="0"/>
						<line number="28" hits="0"/>
					</lines>
				</class>
				<class name="nil_cr" filename="usr/share/crystal/src/nil.cr" line-rate="0.000">
					<lines>
						<line number="105" hits="0"/>
						<line number="106" hits="0"/>
					</lines>
				</class>
				<class name="cached_powers_cr" filename="usr/share/crystal/src/float/printer/cached_powers.cr" line-rate="0.000">
					<lines>
						<line number="143" hits="0"/>
						<line number="146" hits="0"/>
						<line number="149" hits="0"/>
						<line number="158" hits="0"/>
						<line number="159" hits="0"/>
						<line number="160" hits="0"/>
						<line number="164" hits="0"/>
					</lines>
				</class>
				<class name="stat_cr" filename="usr/share/crystal/src/file/stat.cr" line-rate="0.000">
					<lines>
						<line number="138" hits="0"/>
						<line number="142" hits="0"/>
						<line number="146" hits="0"/>
					</lines>
				</class>
				<class name="int_cr" filename="usr/share/crystal/src/int.cr" line-rate="0.000">
					<lines>
						<line number="102" hits="0"/>
						<line number="104" hits="0"/>
						<line number="106" hits="0"/>
						<line number="131" hits="0"/>
						<line number="137" hits="0"/>
						<line number="138" hits="0"/>
						<line number="141" hits="0"/>
						<line number="164" hits="0"/>
						<line number="174" hits="0"/>
						<line number="175" hits="0"/>
						<line number="196" hits="0"/>
						<line number="217" hits="0"/>
						<line number="296" hits="0"/>
						<line number="308" hits="0"/>
						<line number="324" hits="0"/>
						<line number="394" hits="0"/>
						<line number="395" hits="0"/>
						<line number="403" hits="0"/>
						<line number="410" hits="0"/>
						<line number="414" hits="0"/>
						<line number="415" hits="0"/>
						<line number="419" hits="0"/>
						<line number="428" hits="0"/>
						<line number="442" hits="0"/>
						<line number="444" hits="0"/>
						<line number="446" hits="0"/>
						<line number="450" hits="0"/>
						<line number="451" hits="0"/>
						<line number="488" hits="0"/>
						<line number="633" hits="0"/>
						<line number="766" hits="0"/>
					</lines>
				</class>
				<class name="file_descriptor_cr" filename="usr/share/crystal/src/io/file_descriptor.cr" line-rate="0.000">
					<lines>
						<line number="10" hits="0"/>
						<line number="12" hits="0"/>
						<line number="13" hits="0"/>
						<line number="16" hits="0"/>
						<line number="23" hits="0"/>
						<line number="24" hits="0"/>
						<line number="27" hits="0"/>
						<line number="28" hits="0"/>
						<line number="32" hits="0"/>
						<line number="44" hits="0"/>
						<line number="46" hits="0"/>
						<line number="47" hits="0"/>
						<line number="50" hits="0"/>
						<line number="53" hits="0"/>
						<line number="56" hits="0"/>
						<line number="57" hits="0"/>
						<line number="63" hits="0"/>
						<line number="67" hits="0"/>
						<line number="72" hits="0"/>
						<line number="75" hits="0"/>
						<line number="77" hits="0"/>
						<line number="79" hits="0"/>
						<line number="80" hits="0"/>
						<line number="82" hits="0"/>
						<line number="83" hits="0"/>
						<line number="86" hits="0"/>
						<line number="114" hits="0"/>
						<line number="116" hits="0"/>
						<line number="117" hits="0"/>
						<line number="141" hits="0"/>
						<line number="180" hits="0"/>
						<line number="183" hits="0"/>
						<line number="187" hits="0"/>
						<line number="189" hits="0"/>
						<line number="190" hits="0"/>
						<line number="191" hits="0"/>
						<line number="197" hits="0"/>
						<line number="198" hits="0"/>
						<line number="199" hits="0"/>
						<line number="203" hits="0"/>
						<line number="204" hits="0"/>
						<line number="205" hits="0"/>
						<line number="214" hits="0"/>
						<line number="215" hits="0"/>
						<line number="218" hits="0"/>
						<line number="220" hits="0"/>
						<line number="223" hits="0"/>
						<line number="227" hits="0"/>
						<line number="229" hits="0"/>
						<line number="230" hits="0"/>
						<line number="231" hits="0"/>
						<line number="232" hits="0"/>
						<line number="236" hits="0"/>
					</lines>
				</class>
				<class name="formatter_cr" filename="usr/share/crystal/src/spec/formatter.cr" line-rate="0.000">
					<lines>
						<line number="1" hits="0"/>
						<line number="22" hits="0"/>
						<line number="34" hits="0"/>
						<line number="35" hits="0"/>
						<line number="39" hits="0"/>
						<line number="40" hits="0"/>
						<line number="42" hits="0"/>
						<line number="47" hits="0"/>
						<line number="48" hits="0"/>
						<line number="49" hits="0"/>
						<line number="50" hits="0"/>
						<line number="53" hits="0"/>
						<line number="55" hits="0"/>
						<line number="58" hits="0"/>
						<line number="60" hits="0"/>
						<line number="68" hits="0"/>
						<line number="71" hits="0"/>
						<line number="72" hits="0"/>
						<line number="74" hits="0"/>
						<line number="75" hits="0"/>
						<line number="80" hits="0"/>
						<line number="81" hits="0"/>
						<line number="96" hits="0"/>
					</lines>
				</class>
				<class name="process_cr" filename="usr/share/crystal/src/process.cr" line-rate="0.000">
					<lines>
						<line number="14" hits="0"/>
					</lines>
				</class>
				<class name="event_cr" filename="usr/share/crystal/src/event.cr" line-rate="0.000">
					<lines>
						<line number="19" hits="0"/>
						<line number="20" hits="0"/>
						<line number="22" hits="0"/>
						<line number="28" hits="0"/>
						<line number="29" hits="0"/>
						<line number="34" hits="0"/>
						<line number="42" hits="0"/>
						<line number="52" hits="0"/>
						<line number="57" hits="0"/>
					</lines>
				</class>
				<class name="data_cr" filename="usr/share/crystal/src/unicode/data.cr" line-rate="0.000">
					<lines>
						<line number="156" hits="0"/>
						<line number="158" hits="0"/>
						<line number="159" hits="0"/>
						<line number="160" hits="0"/>
						<line number="161" hits="0"/>
						<line number="162" hits="0"/>
						<line number="163" hits="0"/>
						<line number="164" hits="0"/>
						<line number="165" hits="0"/>
						<line number="166" hits="0"/>
						<line number="167" hits="0"/>
						<line number="168" hits="0"/>
						<line number="169" hits="0"/>
						<line number="170" hits="0"/>
						<line number="171" hits="0"/>
						<line number="172" hits="0"/>
						<line number="173" hits="0"/>
						<line number="174" hits="0"/>
						<line number="175" hits="0"/>
						<line number="176" hits="0"/>
						<line number="177" hits="0"/>
						<line number="178" hits="0"/>
						<line number="179" hits="0"/>
						<line number="180" hits="0"/>
						<line number="181" hits="0"/>
						<line number="182" hits="0"/>
						<line number="183" hits="0"/>
						<line number="184" hits="0"/>
						<line number="185" hits="0"/>
						<line number="186" hits="0"/>
						<line number="187" hits="0"/>
						<line number="188" hits="0"/>
						<line number="189" hits="0"/>
						<line number="190" hits="0"/>
						<line number="191" hits="0"/>
						<line number="192" hits="0"/>
						<line number="193" hits="0"/>
						<line number="194" hits="0"/>
						<line number="195" hits="0"/>
						<line number="196" hits="0"/>
						<line number="197" hits="0"/>
						<line number="198" hits="0"/>
						<line number="199" hits="0"/>
						<line number="200" hits="0"/>
						<line number="201" hits="0"/>
						<line number="202" hits="0"/>
						<line number="203" hits="0"/>
						<line number="204" hits="0"/>
						<line number="205" hits="0"/>
						<line number="206" hits="0"/>
						<line number="207" hits="0"/>
						<line number="208" hits="0"/>
						<line number="209" hits="0"/>
						<line number="210" hits="0"/>
						<line number="211" hits="0"/>
						<line number="212" hits="0"/>
						<line number="213" hits="0"/>
						<line number="214" hits="0"/>
						<line number="215" hits="0"/>
						<line number="216" hits="0"/>
						<line number="217" hits="0"/>
						<line number="218" hits="0"/>
						<line number="219" hits="0"/>
						<line number="220" hits="0"/>
						<line number="221" hits="0"/>
						<line number="222" hits="0"/>
						<line number="223" hits="0"/>
						<line number="224" hits="0"/>
						<line number="225" hits="0"/>
						<line number="226" hits="0"/>
						<line number="227" hits="0"/>
						<line number="228" hits="0"/>
						<line number="229" hits="0"/>
						<line number="230" hits="0"/>
						<line number="231" hits="0"/>
						<line number="232" hits="0"/>
						<line number="233" hits="0"/>
						<line number="234" hits="0"/>
						<line number="235" hits="0"/>
						<line number="236" hits="0"/>
						<line number="237" hits="0"/>
						<line number="238" hits="0"/>
						<line number="239" hits="0"/>
						<line number="240" hits="0"/>
						<line number="241" hits="0"/>
						<line number="242" hits="0"/>
						<line number="243" hits="0"/>
						<line number="244" hits="0"/>
						<line number="245" hits="0"/>
						<line number="246" hits="0"/>
						<line number="247" hits="0"/>
						<line number="248" hits="0"/>
						<line number="249" hits="0"/>
						<line number="250" hits="0"/>
						<line number="251" hits="0"/>
						<line number="252" hits="0"/>
						<line number="253" hits="0"/>
						<line number="254" hits="0"/>
						<line number="255" hits="0"/>
						<line number="256" hits="0"/>
						<line number="257" hits="0"/>
						<line number="258" hits="0"/>
						<line number="259" hits="0"/>
						<line number="260" hits="0"/>
						<line number="261" hits="0"/>
						<line number="262" hits="0"/>
						<line number="263" hits="0"/>
						<line number="264" hits="0"/>
						<line number="265" hits="0"/>
						<line number="266" hits="0"/>
						<line number="267" hits="0"/>
						<line number="268" hits="0"/>
						<line number="269" hits="0"/>
						<line number="270" hits="0"/>
						<line number="271" hits="0"/>
						<line number="272" hits="0"/>
						<line number="283" hits="0"/>
						<line number="285" hits="0"/>
						<line number="286" hits="0"/>
						<line number="287" hits="0"/>
						<line number="288" hits="0"/>
						<line number="289" hits="0"/>
						<line number="290" hits="0"/>
						<line number="291" hits="0"/>
						<line number="292" hits="0"/>
						<line number="293" hits="0"/>
						<line number="294" hits="0"/>
						<line number="295" hits="0"/>
						<line number="296" hits="0"/>
						<line number="297" hits="0"/>
						<line number="298" hits="0"/>
						<line number="299" hits="0"/>
						<line number="300" hits="0"/>
						<line number="301" hits="0"/>
						<line number="302" hits="0"/>
						<line number="303" hits="0"/>
						<line number="304" hits="0"/>
						<line number="305" hits="0"/>
						<line number="306" hits="0"/>
						<line number="307" hits="0"/>
						<line number="308" hits="0"/>
						<line number="309" hits="0"/>
						<line number="310" hits="0"/>
						<line number="311" hits="0"/>
						<line number="312" hits="0"/>
						<line number="313" hits="0"/>
						<line number="314" hits="0"/>
						<line number="315" hits="0"/>
						<line number="316" hits="0"/>
						<line number="317" hits="0"/>
						<line number="318" hits="0"/>
						<line number="319" hits="0"/>
						<line number="320" hits="0"/>
						<line number="321" hits="0"/>
						<line number="322" hits="0"/>
						<line number="323" hits="0"/>
						<line number="324" hits="0"/>
						<line number="325" hits="0"/>
						<line number="326" hits="0"/>
						<line number="327" hits="0"/>
						<line number="328" hits="0"/>
						<line number="329" hits="0"/>
						<line number="330" hits="0"/>
						<line number="331" hits="0"/>
						<line number="332" hits="0"/>
						<line number="333" hits="0"/>
						<line number="334" hits="0"/>
						<line number="335" hits="0"/>
						<line number="336" hits="0"/>
						<line number="337" hits="0"/>
						<line number="338" hits="0"/>
						<line number="339" hits="0"/>
						<line number="340" hits="0"/>
						<line number="2289" hits="0"/>
						<line number="2290" hits="0"/>
					</lines>
				</class>
				<class name="main_cr" filename="usr/share/crystal/src/crystal/main.cr" line-rate="0.000">
					<lines>
						<line number="1" hits="0"/>
						<line number="11" hits="0"/>
						<line number="59" hits="0"/>
						<line number="60" hits="0"/>
						<line number="61" hits="0"/>
						<line number="64" hits="0"/>
						<line number="117" hits="0"/>
						<line number="118" hits="0"/>
						<line number="119" hits="0"/>
						<line number="123" hits="0"/>
						<line number="124" hits="0"/>
						<line number="125" hits="0"/>
						<line number="126" hits="0"/>
						<line number="134" hits="0"/>
						<line number="135" hits="0"/>
					</lines>
				</class>
				<class name="file_cr" filename="usr/share/crystal/src/file.cr" line-rate="0.000">
					<lines>
						<line number="10" hits="0"/>
						<line number="25" hits="0"/>
						<line number="26" hits="0"/>
						<line number="28" hits="0"/>
						<line number="29" hits="0"/>
						<line number="30" hits="0"/>
						<line number="33" hits="0"/>
						<line number="39" hits="0"/>
						<line number="45" hits="0"/>
						<line number="46" hits="0"/>
						<line number="59" hits="0"/>
						<line number="62" hits="0"/>
						<line number="63" hits="0"/>
						<line number="183" hits="0"/>
						<line number="185" hits="0"/>
						<line number="186" hits="0"/>
						<line number="189" hits="0"/>
						<line number="346" hits="0"/>
						<line number="350" hits="0"/>
						<line number="351" hits="0"/>
						<line number="352" hits="0"/>
						<line number="357" hits="0"/>
						<line number="359" hits="0"/>
						<line number="362" hits="0"/>
						<line number="366" hits="0"/>
						<line number="371" hits="0"/>
						<line number="429" hits="0"/>
						<line number="431" hits="0"/>
						<line number="492" hits="0"/>
						<line number="529" hits="0"/>
						<line number="547" hits="0"/>
						<line number="550" hits="0"/>
						<line number="555" hits="0"/>
						<line number="559" hits="0"/>
					</lines>
				</class>
				<class name="buffered_cr" filename="usr/share/crystal/src/io/buffered.cr" line-rate="0.000">
					<lines>
						<line number="33" hits="0"/>
						<line number="36" hits="0"/>
						<line number="41" hits="0"/>
						<line number="47" hits="0"/>
						<line number="51" hits="0"/>
						<line number="53" hits="0"/>
						<line number="57" hits="0"/>
						<line number="58" hits="0"/>
						<line number="67" hits="0"/>
						<line number="80" hits="0"/>
						<line number="83" hits="0"/>
						<line number="91" hits="0"/>
						<line number="94" hits="0"/>
						<line number="95" hits="0"/>
						<line number="100" hits="0"/>
						<line number="106" hits="0"/>
						<line number="111" hits="0"/>
						<line number="112" hits="0"/>
						<line number="115" hits="0"/>
						<line number="120" hits="0"/>
						<line number="122" hits="0"/>
						<line number="126" hits="0"/>
						<line number="131" hits="0"/>
						<line number="136" hits="0"/>
						<line number="144" hits="0"/>
						<line number="148" hits="0"/>
						<line number="149" hits="0"/>
						<line number="151" hits="0"/>
						<line number="152" hits="0"/>
						<line number="155" hits="0"/>
						<line number="161" hits="0"/>
						<line number="173" hits="0"/>
						<line number="174" hits="0"/>
						<line number="183" hits="0"/>
						<line number="184" hits="0"/>
						<line number="186" hits="0"/>
						<line number="191" hits="0"/>
						<line number="192" hits="0"/>
						<line number="194" hits="0"/>
						<line number="206" hits="0"/>
						<line number="207" hits="0"/>
						<line number="211" hits="0"/>
						<line number="214" hits="0"/>
						<line number="215" hits="0"/>
					</lines>
				</class>
				<class name="time_cr" filename="usr/share/crystal/src/crystal/system/unix/time.cr" line-rate="0.000">
					<lines>
						<line number="51" hits="0"/>
					</lines>
				</class>
				<class name="diy_fp_cr" filename="usr/share/crystal/src/float/printer/diy_fp.cr" line-rate="0.000">
					<lines>
						<line number="47" hits="0"/>
						<line number="61" hits="0"/>
						<line number="77" hits="0"/>
						<line number="79" hits="0"/>
						<line number="80" hits="0"/>
						<line number="81" hits="0"/>
						<line number="82" hits="0"/>
						<line number="83" hits="0"/>
						<line number="85" hits="0"/>
						<line number="88" hits="0"/>
						<line number="89" hits="0"/>
						<line number="107" hits="0"/>
						<line number="113" hits="0"/>
						<line number="133" hits="0"/>
					</lines>
				</class>
				<class name="time_cr" filename="usr/share/crystal/src/time.cr" line-rate="0.000">
					<lines>
						<line number="173" hits="0"/>
					</lines>
				</class>
				<class name="preader_cr" filename="usr/share/crystal/src/file/preader.cr" line-rate="0.000">
					<lines>
						<line number="27" hits="0"/>
						<line number="28" hits="0"/>
						<line number="32" hits="0"/>
						<line number="40" hits="0"/>
					</lines>
				</class>
				<class name="array_cr" filename="usr/share/crystal/src/array.cr" line-rate="0.000">
					<lines>
						<line number="59" hits="0"/>
						<line number="60" hits="0"/>
						<line number="61" hits="0"/>
						<line number="62" hits="0"/>
						<line number="77" hits="0"/>
						<line number="78" hits="0"/>
						<line number="79" hits="0"/>
						<line number="82" hits="0"/>
						<line number="83" hits="0"/>
						<line number="84" hits="0"/>
						<line number="87" hits="0"/>
						<line number="104" hits="0"/>
						<line number="148" hits="0"/>
						<line number="255" hits="0"/>
						<line number="259" hits="0"/>
						<line number="263" hits="0"/>
						<line number="302" hits="0"/>
						<line number="303" hits="0"/>
						<line number="320" hits="0"/>
						<line number="358" hits="0"/>
						<line number="456" hits="0"/>
						<line number="457" hits="0"/>
						<line number="479" hits="0"/>
						<line number="486" hits="0"/>
						<line number="509" hits="0"/>
						<line number="511" hits="0"/>
						<line number="627" hits="0"/>
						<line number="628" hits="0"/>
						<line number="684" hits="0"/>
						<line number="686" hits="0"/>
						<line number="869" hits="0"/>
						<line number="1261" hits="0"/>
						<line number="1273" hits="0"/>
						<line number="1276" hits="0"/>
						<line number="1277" hits="0"/>
						<line number="1345" hits="0"/>
						<line number="1346" hits="0"/>
						<line number="1472" hits="0"/>
						<line number="1473" hits="0"/>
						<line number="1768" hits="0"/>
						<line number="1772" hits="0"/>
						<line number="1776" hits="0"/>
						<line number="1777" hits="0"/>
						<line number="1883" hits="0"/>
						<line number="1884" hits="0"/>
						<line number="1888" hits="0"/>
						<line number="1889" hits="0"/>
						<line number="1890" hits="0"/>
						<line number="1891" hits="0"/>
						<line number="1895" hits="0"/>
						<line number="1896" hits="0"/>
						<line number="1897" hits="0"/>
						<line number="1898" hits="0"/>
						<line number="1902" hits="0"/>
						<line number="1904" hits="0"/>
						<line number="1906" hits="0"/>
						<line number="1908" hits="0"/>
						<line number="1909" hits="0"/>
						<line number="1913" hits="0"/>
						<line number="1915" hits="0"/>
						<line number="1916" hits="0"/>
						<line number="1917" hits="0"/>
						<line number="1918" hits="0"/>
						<line number="1920" hits="0"/>
						<line number="1922" hits="0"/>
						<line number="1924" hits="0"/>
						<line number="1926" hits="0"/>
						<line number="1932" hits="0"/>
						<line number="1933" hits="0"/>
						<line number="1934" hits="0"/>
						<line number="1935" hits="0"/>
						<line number="1938" hits="0"/>
						<line number="1940" hits="0"/>
						<line number="1943" hits="0"/>
						<line number="1945" hits="0"/>
						<line number="1947" hits="0"/>
						<line number="1951" hits="0"/>
						<line number="1952" hits="0"/>
						<line number="1961" hits="0"/>
						<line number="1962" hits="0"/>
						<line number="1970" hits="0"/>
						<line number="1974" hits="0"/>
					</lines>
				</class>
				<class name="dsl_cr" filename="usr/share/crystal/src/spec/dsl.cr" line-rate="0.000">
					<lines>
						<line number="24" hits="0"/>
						<line number="25" hits="0"/>
						<line number="26" hits="0"/>
						<line number="33" hits="0"/>
						<line number="38" hits="0"/>
						<line number="46" hits="0"/>
						<line number="55" hits="0"/>
						<line number="60" hits="0"/>
						<line number="64" hits="0"/>
						<line number="68" hits="0"/>
						<line number="72" hits="0"/>
						<line number="79" hits="0"/>
						<line number="80" hits="0"/>
						<line number="84" hits="0"/>
						<line number="85" hits="0"/>
						<line number="88" hits="0"/>
						<line number="89" hits="0"/>
						<line number="94" hits="0"/>
						<line number="99" hits="0"/>
						<line number="105" hits="0"/>
						<line number="107" hits="0"/>
						<line number="116" hits="0"/>
						<line number="120" hits="0"/>
						<line number="122" hits="0"/>
						<line number="125" hits="0"/>
						<line number="135" hits="0"/>
						<line number="149" hits="0"/>
						<line number="158" hits="0"/>
						<line number="163" hits="0"/>
						<line number="169" hits="0"/>
						<line number="170" hits="0"/>
					</lines>
				</class>
				<class name="object_cr" filename="usr/share/crystal/src/object.cr" line-rate="0.000">
					<lines>
						<line number="28" hits="0"/>
						<line number="49" hits="0"/>
						<line number="85" hits="0"/>
						<line number="86" hits="0"/>
						<line number="115" hits="0"/>
						<line number="117" hits="0"/>
						<line number="226" hits="0"/>
					</lines>
				</class>
				<class name="encoding_cr" filename="usr/share/crystal/src/io/encoding.cr" line-rate="0.000">
					<lines>
						<line number="19" hits="0"/>
						<line number="20" hits="0"/>
						<line number="21" hits="0"/>
						<line number="24" hits="0"/>
						<line number="25" hits="0"/>
						<line number="26" hits="0"/>
						<line number="28" hits="0"/>
						<line number="29" hits="0"/>
						<line number="30" hits="0"/>
						<line number="32" hits="0"/>
						<line number="33" hits="0"/>
						<line number="35" hits="0"/>
						<line number="40" hits="0"/>
						<line number="41" hits="0"/>
						<line number="58" hits="0"/>
						<line number="59" hits="0"/>
						<line number="60" hits="0"/>
						<line number="61" hits="0"/>
						<line number="62" hits="0"/>
						<line number="63" hits="0"/>
						<line number="64" hits="0"/>
						<line number="65" hits="0"/>
						<line number="68" hits="0"/>
						<line number="70" hits="0"/>
						<line number="72" hits="0"/>
						<line number="73" hits="0"/>
						<line number="74" hits="0"/>
						<line number="78" hits="0"/>
						<line number="80" hits="0"/>
						<line number="81" hits="0"/>
						<line number="82" hits="0"/>
						<line number="87" hits="0"/>
						<line number="90" hits="0"/>
						<line number="91" hits="0"/>
						<line number="92" hits="0"/>
						<line number="93" hits="0"/>
						<line number="96" hits="0"/>
						<line number="98" hits="0"/>
						<line number="101" hits="0"/>
						<line number="110" hits="0"/>
						<line number="123" hits="0"/>
						<line number="125" hits="0"/>
						<line number="126" hits="0"/>
						<line number="127" hits="0"/>
						<line number="128" hits="0"/>
						<line number="130" hits="0"/>
						<line number="160" hits="0"/>
						<line number="161" hits="0"/>
						<line number="164" hits="0"/>
						<line number="166" hits="0"/>
						<line number="167" hits="0"/>
						<line number="169" hits="0"/>
						<line number="172" hits="0"/>
						<line number="176" hits="0"/>
						<line number="177" hits="0"/>
						<line number="187" hits="0"/>
						<line number="192" hits="0"/>
						<line number="193" hits="0"/>
						<line number="194" hits="0"/>
						<line number="198" hits="0"/>
						<line number="201" hits="0"/>
						<line number="202" hits="0"/>
						<line number="211" hits="0"/>
						<line number="217" hits="0"/>
						<line number="223" hits="0"/>
						<line number="227" hits="0"/>
						<line number="228" hits="0"/>
						<line number="229" hits="0"/>
						<line number="232" hits="0"/>
						<line number="233" hits="0"/>
						<line number="234" hits="0"/>
						<line number="238" hits="0"/>
						<line number="242" hits="0"/>
						<line number="243" hits="0"/>
					</lines>
				</class>
				<class name="raise_cr" filename="usr/share/crystal/src/raise.cr" line-rate="0.000">
					<lines>
						<line number="15" hits="0"/>
						<line number="21" hits="0"/>
						<line number="31" hits="0"/>
						<line number="32" hits="0"/>
						<line number="33" hits="0"/>
						<line number="40" hits="0"/>
						<line number="166" hits="0"/>
						<line number="167" hits="0"/>
						<line number="168" hits="0"/>
						<line number="169" hits="0"/>
						<line number="170" hits="0"/>
						<line number="174" hits="0"/>
						<line number="182" hits="0"/>
						<line number="184" hits="0"/>
						<line number="186" hits="0"/>
						<line number="189" hits="0"/>
						<line number="193" hits="0"/>
						<line number="194" hits="0"/>
						<line number="198" hits="0"/>
						<line number="199" hits="0"/>
					</lines>
				</class>
				<class name="named_tuple_cr" filename="usr/share/crystal/src/named_tuple.cr" line-rate="0.000">
					<lines>
						<line number="101" hits="0"/>
						<line number="142" hits="0"/>
					</lines>
				</class>
				<class name="regex_cr" filename="usr/share/crystal/src/regex.cr" line-rate="0.000">
					<lines>
						<line number="28" hits="0"/>
						<line number="183" hits="0"/>
						<line number="240" hits="0"/>
						<line number="242" hits="0"/>
						<line number="243" hits="0"/>
						<line number="245" hits="0"/>
						<line number="246" hits="0"/>
						<line number="247" hits="0"/>
						<line number="248" hits="0"/>
						<line number="249" hits="0"/>
						<line number="284" hits="0"/>
						<line number="371" hits="0"/>
						<line number="372" hits="0"/>
						<line number="427" hits="0"/>
						<line number="428" hits="0"/>
						<line number="434" hits="0"/>
						<line number="447" hits="0"/>
						<line number="448" hits="0"/>
						<line number="451" hits="0"/>
						<line number="452" hits="0"/>
						<line number="453" hits="0"/>
						<line number="454" hits="0"/>
						<line number="459" hits="0"/>
					</lines>
				</class>
				<class name="number_cr" filename="usr/share/crystal/src/number.cr" line-rate="0.000">
					<lines>
						<line number="168" hits="0"/>
						<line number="218" hits="0"/>
						<line number="219" hits="0"/>
					</lines>
				</class>
				<class name="pointer_cr" filename="usr/share/crystal/src/pointer.cr" line-rate="0.000">
					<lines>
						<line number="41" hits="0"/>
						<line number="46" hits="0"/>
						<line number="66" hits="0"/>
						<line number="80" hits="0"/>
						<line number="115" hits="0"/>
						<line number="116" hits="0"/>
						<line number="128" hits="0"/>
						<line number="129" hits="0"/>
						<line number="153" hits="0"/>
						<line number="242" hits="0"/>
						<line number="245" hits="0"/>
						<line number="255" hits="0"/>
						<line number="258" hits="0"/>
						<line number="285" hits="0"/>
						<line number="348" hits="0"/>
						<line number="349" hits="0"/>
						<line number="431" hits="0"/>
						<line number="432" hits="0"/>
						<line number="433" hits="0"/>
						<line number="502" hits="0"/>
						<line number="509" hits="0"/>
					</lines>
				</class>
				<class name="line_numbers_cr" filename="usr/share/crystal/src/debug/dwarf/line_numbers.cr" line-rate="0.000">
					<lines>
						<line number="24" hits="0"/>
						<line number="129" hits="0"/>
						<line number="130" hits="0"/>
						<line number="131" hits="0"/>
						<line number="132" hits="0"/>
						<line number="135" hits="0"/>
						<line number="136" hits="0"/>
						<line number="137" hits="0"/>
						<line number="160" hits="0"/>
						<line number="179" hits="0"/>
						<line number="180" hits="0"/>
						<line number="181" hits="0"/>
						<line number="182" hits="0"/>
						<line number="183" hits="0"/>
						<line number="185" hits="0"/>
						<line number="191" hits="0"/>
						<line number="194" hits="0"/>
						<line number="199" hits="0"/>
						<line number="204" hits="0"/>
						<line number="216" hits="0"/>
						<line number="217" hits="0"/>
						<line number="219" hits="0"/>
						<line number="220" hits="0"/>
						<line number="221" hits="0"/>
						<line number="222" hits="0"/>
						<line number="223" hits="0"/>
						<line number="225" hits="0"/>
						<line number="226" hits="0"/>
						<line number="229" hits="0"/>
						<line number="230" hits="0"/>
						<line number="231" hits="0"/>
						<line number="232" hits="0"/>
						<line number="238" hits="0"/>
						<line number="245" hits="0"/>
						<line number="246" hits="0"/>
						<line number="252" hits="0"/>
						<line number="254" hits="0"/>
						<line number="260" hits="0"/>
						<line number="261" hits="0"/>
						<line number="262" hits="0"/>
						<line number="263" hits="0"/>
						<line number="284" hits="0"/>
						<line number="286" hits="0"/>
						<line number="289" hits="0"/>
						<line number="290" hits="0"/>
						<line number="292" hits="0"/>
						<line number="293" hits="0"/>
						<line number="297" hits="0"/>
						<line number="298" hits="0"/>
						<line number="301" hits="0"/>
						<line number="303" hits="0"/>
						<line number="304" hits="0"/>
						<line number="311" hits="0"/>
						<line number="312" hits="0"/>
						<line number="316" hits="0"/>
						<line number="328" hits="0"/>
						<line number="330" hits="0"/>
						<line number="332" hits="0"/>
						<line number="333" hits="0"/>
						<line number="334" hits="0"/>
						<line number="335" hits="0"/>
						<line number="337" hits="0"/>
						<line number="339" hits="0"/>
						<line number="346" hits="0"/>
						<line number="347" hits="0"/>
						<line number="348" hits="0"/>
						<line number="354" hits="0"/>
						<line number="355" hits="0"/>
						<line number="359" hits="0"/>
						<line number="367" hits="0"/>
						<line number="379" hits="0"/>
						<line number="381" hits="0"/>
						<line number="382" hits="0"/>
						<line number="385" hits="0"/>
						<line number="388" hits="0"/>
						<line number="389" hits="0"/>
						<line number="394" hits="0"/>
						<line number="397" hits="0"/>
						<line number="402" hits="0"/>
						<line number="405" hits="0"/>
					</lines>
				</class>
				<class name="callstack_cr" filename="usr/share/crystal/src/callstack.cr" line-rate="0.000">
					<lines>
						<line number="36" hits="0"/>
						<line number="37" hits="0"/>
						<line number="44" hits="0"/>
						<line number="48" hits="0"/>
						<line number="50" hits="0"/>
						<line number="51" hits="0"/>
						<line number="96" hits="0"/>
						<line number="97" hits="0"/>
						<line number="99" hits="0"/>
						<line number="109" hits="0"/>
						<line number="113" hits="0"/>
						<line number="132" hits="0"/>
						<line number="133" hits="0"/>
						<line number="134" hits="0"/>
						<line number="137" hits="0"/>
						<line number="139" hits="0"/>
						<line number="141" hits="0"/>
						<line number="142" hits="0"/>
						<line number="144" hits="0"/>
						<line number="147" hits="0"/>
						<line number="148" hits="0"/>
						<line number="149" hits="0"/>
						<line number="150" hits="0"/>
						<line number="156" hits="0"/>
						<line number="163" hits="0"/>
						<line number="164" hits="0"/>
						<line number="169" hits="0"/>
						<line number="172" hits="0"/>
						<line number="174" hits="0"/>
						<line number="183" hits="0"/>
						<line number="185" hits="0"/>
						<line number="197" hits="0"/>
						<line number="198" hits="0"/>
						<line number="200" hits="0"/>
						<line number="201" hits="0"/>
						<line number="202" hits="0"/>
						<line number="208" hits="0"/>
						<line number="209" hits="0"/>
						<line number="212" hits="0"/>
						<line number="216" hits="0"/>
						<line number="429" hits="0"/>
						<line number="431" hits="0"/>
						<line number="435" hits="0"/>
						<line number="436" hits="0"/>
						<line number="439" hits="0"/>
						<line number="440" hits="0"/>
						<line number="443" hits="0"/>
					</lines>
				</class>
				<class name="enum_cr" filename="usr/share/crystal/src/enum.cr" line-rate="0.000">
					<lines>
						<line number="134" hits="0"/>
						<line number="263" hits="0"/>
						<line number="273" hits="0"/>
						<line number="341" hits="0"/>
						<line number="365" hits="0"/>
					</lines>
				</class>
				<class name="slice_cr" filename="usr/share/crystal/src/slice.cr" line-rate="0.000">
					<lines>
						<line number="151" hits="0"/>
						<line number="154" hits="0"/>
						<line number="174" hits="0"/>
						<line number="183" hits="0"/>
						<line number="196" hits="0"/>
						<line number="200" hits="0"/>
						<line number="203" hits="0"/>
						<line number="217" hits="0"/>
						<line number="227" hits="0"/>
						<line number="235" hits="0"/>
						<line number="242" hits="0"/>
						<line number="252" hits="0"/>
						<line number="379" hits="0"/>
						<line number="402" hits="0"/>
						<line number="404" hits="0"/>
						<line number="420" hits="0"/>
						<line number="422" hits="0"/>
						<line number="425" hits="0"/>
						<line number="429" hits="0"/>
						<line number="431" hits="0"/>
						<line number="434" hits="0"/>
						<line number="437" hits="0"/>
						<line number="438" hits="0"/>
						<line number="443" hits="0"/>
						<line number="444" hits="0"/>
						<line number="449" hits="0"/>
						<line number="450" hits="0"/>
						<line number="459" hits="0"/>
						<line number="467" hits="0"/>
						<line number="468" hits="0"/>
						<line number="527" hits="0"/>
						<line number="528" hits="0"/>
						<line number="546" hits="0"/>
					</lines>
				</class>
				<class name="exception_cr" filename="usr/share/crystal/src/exception.cr" line-rate="0.000">
					<lines>
						<line number="19" hits="0"/>
						<line number="21" hits="0"/>
						<line number="28" hits="0"/>
						<line number="34" hits="0"/>
						<line number="35" hits="0"/>
						<line number="38" hits="0"/>
						<line number="52" hits="0"/>
						<line number="53" hits="0"/>
						<line number="54" hits="0"/>
						<line number="56" hits="0"/>
						<line number="69" hits="0"/>
						<line number="80" hits="0"/>
						<line number="91" hits="0"/>
						<line number="97" hits="0"/>
					</lines>
				</class>
				<class name="error_cr" filename="usr/share/crystal/src/xml/error.cr" line-rate="0.000">
					<lines>
						<line number="6" hits="0"/>
						<line number="7" hits="0"/>
						<line number="10" hits="0"/>
						<line number="18" hits="0"/>
						<line number="22" hits="0"/>
					</lines>
				</class>
				<class name="iconv_cr" filename="usr/share/crystal/src/iconv.cr" line-rate="0.000">
					<lines>
						<line number="7" hits="0"/>
						<line number="8" hits="0"/>
						<line number="10" hits="0"/>
						<line number="11" hits="0"/>
						<line number="18" hits="0"/>
						<line number="20" hits="0"/>
						<line number="21" hits="0"/>
						<line number="23" hits="0"/>
						<line number="24" hits="0"/>
						<line number="25" hits="0"/>
						<line number="30" hits="0"/>
						<line number="50" hits="0"/>
						<line number="54" hits="0"/>
						<line number="57" hits="0"/>
						<line number="58" hits="0"/>
						<line number="63" hits="0"/>
						<line number="64" hits="0"/>
						<line number="66" hits="0"/>
						<line number="72" hits="0"/>
						<line number="73" hits="0"/>
					</lines>
				</class>
				<class name="math_cr" filename="usr/share/crystal/src/math/math.cr" line-rate="0.000">
					<lines>
						<line number="11" hits="0"/>
						<line number="157" hits="0"/>
						<line number="252" hits="0"/>
						<line number="255" hits="0"/>
						<line number="256" hits="0"/>
						<line number="257" hits="0"/>
						<line number="258" hits="0"/>
						<line number="259" hits="0"/>
					</lines>
				</class>
				<class name="char_cr" filename="usr/share/crystal/src/char.cr" line-rate="0.000">
					<lines>
						<line number="28" hits="0"/>
						<line number="101" hits="0"/>
						<line number="126" hits="0"/>
						<line number="140" hits="0"/>
						<line number="242" hits="0"/>
						<line number="248" hits="0"/>
						<line number="252" hits="0"/>
						<line number="372" hits="0"/>
						<line number="456" hits="0"/>
						<line number="505" hits="0"/>
						<line number="509" hits="0"/>
						<line number="512" hits="0"/>
						<line number="528" hits="0"/>
						<line number="685" hits="0"/>
						<line number="690" hits="0"/>
						<line number="694" hits="0"/>
						<line number="695" hits="0"/>
						<line number="699" hits="0"/>
						<line number="700" hits="0"/>
						<line number="701" hits="0"/>
						<line number="704" hits="0"/>
						<line number="755" hits="0"/>
						<line number="758" hits="0"/>
						<line number="766" hits="0"/>
						<line number="767" hits="0"/>
						<line number="768" hits="0"/>
						<line number="771" hits="0"/>
						<line number="772" hits="0"/>
						<line number="774" hits="0"/>
						<line number="781" hits="0"/>
						<line number="783" hits="0"/>
					</lines>
				</class>
				<class name="comparable_cr" filename="usr/share/crystal/src/comparable.cr" line-rate="0.000">
					<lines>
						<line number="30" hits="0"/>
						<line number="40" hits="0"/>
					</lines>
				</class>
				<class name="spec_cr" filename="usr/share/crystal/src/spec.cr" line-rate="0.000">
					<lines>
						<line number="69" hits="0"/>
						<line number="70" hits="0"/>
						<line number="71" hits="0"/>
						<line number="74" hits="0"/>
						<line number="77" hits="0"/>
						<line number="80" hits="0"/>
						<line number="83" hits="0"/>
						<line number="91" hits="0"/>
						<line number="95" hits="0"/>
						<line number="99" hits="0"/>
						<line number="102" hits="0"/>
						<line number="109" hits="0"/>
						<line number="110" hits="0"/>
						<line number="111" hits="0"/>
						<line number="114" hits="0"/>
						<line number="118" hits="0"/>
					</lines>
				</class>
				<class name="syscall_cr" filename="usr/share/crystal/src/io/syscall.cr" line-rate="0.000">
					<lines>
						<line number="84" hits="0"/>
						<line number="93" hits="0"/>
						<line number="101" hits="0"/>
						<line number="105" hits="0"/>
						<line number="107" hits="0"/>
						<line number="108" hits="0"/>
						<line number="110" hits="0"/>
						<line number="111" hits="0"/>
						<line number="112" hits="0"/>
						<line number="121" hits="0"/>
						<line number="125" hits="0"/>
						<line number="127" hits="0"/>
						<line number="128" hits="0"/>
						<line number="130" hits="0"/>
						<line number="131" hits="0"/>
						<line number="132" hits="0"/>
						<line number="141" hits="0"/>
						<line number="142" hits="0"/>
						<line number="146" hits="0"/>
						<line number="147" hits="0"/>
					</lines>
				</class>
				<class name="abbrev_cr" filename="usr/share/crystal/src/debug/dwarf/abbrev.cr" line-rate="0.000">
					<lines>
						<line number="214" hits="0"/>
						<line number="217" hits="0"/>
						<line number="220" hits="0"/>
					</lines>
				</class>
				<class name="colorize_cr" filename="usr/share/crystal/src/colorize.cr" line-rate="0.000">
					<lines>
						<line number="92" hits="0"/>
						<line number="183" hits="0"/>
						<line number="184" hits="0"/>
						<line number="210" hits="0"/>
						<line number="217" hits="0"/>
						<line number="291" hits="0"/>
						<line number="294" hits="0"/>
						<line number="306" hits="0"/>
						<line number="312" hits="0"/>
						<line number="313" hits="0"/>
						<line number="318" hits="0"/>
						<line number="320" hits="0"/>
					</lines>
				</class>
				<class name="enumerable_cr" filename="usr/share/crystal/src/enumerable.cr" line-rate="0.000">
					<lines>
						<line number="28" hits="0"/>
						<line number="69" hits="0"/>
						<line number="183" hits="0"/>
						<line number="379" hits="0"/>
						<line number="530" hits="0"/>
						<line number="669" hits="0"/>
					</lines>
				</class>
				<class name="dwarf_cr" filename="usr/share/crystal/src/debug/dwarf.cr" line-rate="0.000">
					<lines>
						<line number="13" hits="0"/>
						<line number="14" hits="0"/>
						<line number="15" hits="0"/>
						<line number="29" hits="0"/>
						<line number="30" hits="0"/>
						<line number="32" hits="0"/>
						<line number="36" hits="0"/>
						<line number="38" hits="0"/>
					</lines>
				</class>
				<class name="multi_writer_cr" filename="usr/share/crystal/src/io/multi_writer.cr" line-rate="0.000">
					<lines>
						<line number="32" hits="0"/>
						<line number="33" hits="0"/>
						<line number="35" hits="0"/>
						<line number="42" hits="0"/>
						<line number="43" hits="0"/>
						<line number="44" hits="0"/>
						<line number="46" hits="0"/>
					</lines>
				</class>
				<class name="info_cr" filename="usr/share/crystal/src/debug/dwarf/info.cr" line-rate="0.000">
					<lines>
						<line number="11" hits="0"/>
						<line number="20" hits="0"/>
						<line number="31" hits="0"/>
						<line number="60" hits="0"/>
						<line number="62" hits="0"/>
						<line number="64" hits="0"/>
						<line number="65" hits="0"/>
						<line number="66" hits="0"/>
						<line number="68" hits="0"/>
						<line number="69" hits="0"/>
						<line number="70" hits="0"/>
						<line number="72" hits="0"/>
						<line number="73" hits="0"/>
						<line number="74" hits="0"/>
						<line number="76" hits="0"/>
						<line number="77" hits="0"/>
						<line number="78" hits="0"/>
						<line number="80" hits="0"/>
						<line number="81" hits="0"/>
						<line number="82" hits="0"/>
						<line number="84" hits="0"/>
						<line number="85" hits="0"/>
						<line number="86" hits="0"/>
						<line number="87" hits="0"/>
						<line number="88" hits="0"/>
						<line number="89" hits="0"/>
						<line number="90" hits="0"/>
						<line number="91" hits="0"/>
						<line number="92" hits="0"/>
						<line number="93" hits="0"/>
						<line number="94" hits="0"/>
						<line number="95" hits="0"/>
						<line number="96" hits="0"/>
						<line number="97" hits="0"/>
						<line number="98" hits="0"/>
						<line number="100" hits="0"/>
						<line number="101" hits="0"/>
						<line number="102" hits="0"/>
						<line number="105" hits="0"/>
						<line number="106" hits="0"/>
						<line number="107" hits="0"/>
						<line number="108" hits="0"/>
						<line number="109" hits="0"/>
						<line number="110" hits="0"/>
						<line number="111" hits="0"/>
						<line number="112" hits="0"/>
						<line number="113" hits="0"/>
						<line number="114" hits="0"/>
						<line number="115" hits="0"/>
						<line number="117" hits="0"/>
						<line number="118" hits="0"/>
						<line number="119" hits="0"/>
						<line number="120" hits="0"/>
						<line number="121" hits="0"/>
						<line number="123" hits="0"/>
						<line number="124" hits="0"/>
						<line number="126" hits="0"/>
						<line number="128" hits="0"/>
						<line number="133" hits="0"/>
						<line number="136" hits="0"/>
					</lines>
				</class>
				<class name="memory_cr" filename="usr/share/crystal/src/io/memory.cr" line-rate="0.000">
					<lines>
						<line number="85" hits="0"/>
						<line number="91" hits="0"/>
						<line number="94" hits="0"/>
						<line number="101" hits="0"/>
						<line number="102" hits="0"/>
						<line number="105" hits="0"/>
						<line number="106" hits="0"/>
						<line number="115" hits="0"/>
						<line number="118" hits="0"/>
						<line number="123" hits="0"/>
						<line number="125" hits="0"/>
						<line number="126" hits="0"/>
						<line number="129" hits="0"/>
						<line number="130" hits="0"/>
						<line number="378" hits="0"/>
						<line number="422" hits="0"/>
						<line number="423" hits="0"/>
						<line number="428" hits="0"/>
						<line number="429" hits="0"/>
						<line number="438" hits="0"/>
						<line number="439" hits="0"/>
					</lines>
				</class>
				<class name="unicode_cr" filename="usr/share/crystal/src/unicode/unicode.cr" line-rate="0.000">
					<lines>
						<line number="95" hits="0"/>
						<line number="104" hits="0"/>
						<line number="105" hits="0"/>
						<line number="108" hits="0"/>
						<line number="109" hits="0"/>
						<line number="112" hits="0"/>
						<line number="116" hits="0"/>
						<line number="131" hits="0"/>
						<line number="136" hits="0"/>
						<line number="168" hits="0"/>
						<line number="171" hits="0"/>
					</lines>
				</class>
				<class name="kernel_cr" filename="usr/share/crystal/src/kernel.cr" line-rate="0.000">
					<lines>
						<line number="1" hits="0"/>
						<line number="49" hits="0"/>
						<line number="123" hits="0"/>
						<line number="127" hits="0"/>
						<line number="128" hits="0"/>
						<line number="129" hits="0"/>
						<line number="131" hits="0"/>
						<line number="133" hits="0"/>
						<line number="135" hits="0"/>
						<line number="159" hits="0"/>
						<line number="160" hits="0"/>
						<line number="167" hits="0"/>
						<line number="168" hits="0"/>
						<line number="169" hits="0"/>
						<line number="170" hits="0"/>
						<line number="193" hits="0"/>
						<line number="195" hits="0"/>
					</lines>
				</class>
				<class name="hasher_cr" filename="usr/share/crystal/src/crystal/hasher.cr" line-rate="0.000">
					<lines>
						<line number="85" hits="0"/>
						<line number="94" hits="0"/>
						<line number="97" hits="0"/>
						<line number="98" hits="0"/>
						<line number="99" hits="0"/>
						<line number="105" hits="0"/>
						<line number="106" hits="0"/>
						<line number="107" hits="0"/>
						<line number="109" hits="0"/>
						<line number="110" hits="0"/>
						<line number="124" hits="0"/>
						<line number="249" hits="0"/>
						<line number="255" hits="0"/>
						<line number="269" hits="0"/>
						<line number="274" hits="0"/>
						<line number="275" hits="0"/>
						<line number="277" hits="0"/>
						<line number="279" hits="0"/>
						<line number="282" hits="0"/>
						<line number="284" hits="0"/>
					</lines>
				</class>
				<class name="float_cr" filename="usr/share/crystal/src/float.cr" line-rate="0.000">
					<lines>
						<line number="28" hits="0"/>
						<line number="41" hits="0"/>
						<line number="178" hits="0"/>
						<line number="186" hits="0"/>
						<line number="207" hits="0"/>
						<line number="212" hits="0"/>
					</lines>
				</class>
				<class name="ieee_cr" filename="usr/share/crystal/src/float/printer/ieee.cr" line-rate="0.000">
					<lines>
						<line number="67" hits="0"/>
						<line number="98" hits="0"/>
						<line number="112" hits="0"/>
						<line number="115" hits="0"/>
						<line number="149" hits="0"/>
						<line number="151" hits="0"/>
						<line number="154" hits="0"/>
					</lines>
				</class>
				<class name="channel_cr" filename="usr/share/crystal/src/concurrent/channel.cr" line-rate="0.000">
					<lines>
						<line number="75" hits="0"/>
						<line number="180" hits="0"/>
						<line number="181" hits="0"/>
						<line number="183" hits="0"/>
						<line number="188" hits="0"/>
						<line number="189" hits="0"/>
						<line number="208" hits="0"/>
					</lines>
				</class>
				<class name="status_cr" filename="usr/share/crystal/src/process/status.cr" line-rate="0.000">
					<lines>
						<line number="5" hits="0"/>
					</lines>
				</class>
				<class name="byte_format_cr" filename="usr/share/crystal/src/io/byte_format.cr" line-rate="0.000">
					<lines>
						<line number="131" hits="0"/>
					</lines>
				</class>
				<class name="match_data_cr" filename="usr/share/crystal/src/regex/match_data.cr" line-rate="0.000">
					<lines>
						<line number="53" hits="0"/>
						<line number="128" hits="0"/>
						<line number="130" hits="0"/>
						<line number="131" hits="0"/>
						<line number="133" hits="0"/>
						<line number="134" hits="0"/>
						<line number="144" hits="0"/>
						<line number="146" hits="0"/>
						<line number="149" hits="0"/>
						<line number="382" hits="0"/>
						<line number="390" hits="0"/>
						<line number="394" hits="0"/>
					</lines>
				</class>
				<class name="libxml2_cr" filename="usr/share/crystal/src/xml/libxml2.cr" line-rate="0.000">
					<lines>
						<line number="301" hits="0"/>
					</lines>
				</class>
				<class name="builder_cr" filename="usr/share/crystal/src/xml/builder.cr" line-rate="0.000">
					<lines>
						<line number="13" hits="0"/>
						<line number="25" hits="0"/>
						<line number="30" hits="0"/>
						<line number="35" hits="0"/>
						<line number="47" hits="0"/>
						<line number="57" hits="0"/>
						<line number="135" hits="0"/>
						<line number="136" hits="0"/>
						<line number="151" hits="0"/>
						<line number="152" hits="0"/>
						<line number="160" hits="0"/>
						<line number="237" hits="0"/>
						<line number="255" hits="0"/>
						<line number="256" hits="0"/>
						<line number="275" hits="0"/>
						<line number="279" hits="0"/>
					</lines>
				</class>
				<class name="reader_cr" filename="usr/share/crystal/src/char/reader.cr" line-rate="0.000">
					<lines>
						<line number="58" hits="0"/>
						<line number="59" hits="0"/>
						<line number="60" hits="0"/>
						<line number="61" hits="0"/>
						<line number="62" hits="0"/>
						<line number="97" hits="0"/>
						<line number="98" hits="0"/>
						<line number="99" hits="0"/>
						<line number="100" hits="0"/>
						<line number="103" hits="0"/>
						<line number="189" hits="0"/>
						<line number="193" hits="0"/>
						<line number="198" hits="0"/>
						<line number="202" hits="0"/>
						<line number="203" hits="0"/>
						<line number="207" hits="0"/>
						<line number="211" hits="0"/>
						<line number="220" hits="0"/>
						<line number="238" hits="0"/>
						<line number="239" hits="0"/>
						<line number="252" hits="0"/>
						<line number="253" hits="0"/>
						<line number="254" hits="0"/>
						<line number="255" hits="0"/>
					</lines>
				</class>
				<class name="source_cr" filename="usr/share/crystal/src/spec/source.cr" line-rate="0.000">
					<lines>
						<line number="4" hits="0"/>
						<line number="9" hits="0"/>
						<line number="16" hits="0"/>
						<line number="18" hits="0"/>
						<line number="19" hits="0"/>
						<line number="20" hits="0"/>
					</lines>
				</class>
				<class name="symbol_cr" filename="usr/share/crystal/src/symbol.cr" line-rate="0.000">
					<lines>
						<line number="38" hits="0"/>
						<line number="42" hits="0"/>
						<line number="53" hits="0"/>
						<line number="71" hits="0"/>
					</lines>
				</class>
				<class name="hexdump_cr" filename="usr/share/crystal/src/io/hexdump.cr" line-rate="0.000">
					<lines>
						<line number="35" hits="0"/>
						<line number="36" hits="0"/>
						<line number="37" hits="0"/>
						<line number="49" hits="0"/>
						<line number="50" hits="0"/>
						<line number="53" hits="0"/>
						<line number="54" hits="0"/>
					</lines>
				</class>
				<class name="delimited_cr" filename="usr/share/crystal/src/io/delimited.cr" line-rate="0.000">
					<lines>
						<line number="110" hits="0"/>
						<line number="111" hits="0"/>
						<line number="114" hits="0"/>
						<line number="115" hits="0"/>
						<line number="116" hits="0"/>
						<line number="118" hits="0"/>
					</lines>
				</class>
				<class name="builder_cr" filename="usr/share/crystal/src/string/builder.cr" line-rate="0.000">
					<lines>
						<line number="11" hits="0"/>
						<line number="19" hits="0"/>
						<line number="20" hits="0"/>
						<line number="21" hits="0"/>
						<line number="22" hits="0"/>
						<line number="41" hits="0"/>
						<line number="43" hits="0"/>
						<line number="44" hits="0"/>
						<line number="49" hits="0"/>
						<line number="55" hits="0"/>
						<line number="56" hits="0"/>
						<line number="60" hits="0"/>
						<line number="62" hits="0"/>
						<line number="78" hits="0"/>
						<line number="81" hits="0"/>
						<line number="94" hits="0"/>
						<line number="97" hits="0"/>
						<line number="98" hits="0"/>
						<line number="99" hits="0"/>
						<line number="105" hits="0"/>
						<line number="109" hits="0"/>
						<line number="114" hits="0"/>
						<line number="123" hits="0"/>
						<line number="124" hits="0"/>
					</lines>
				</class>
				<class name="argf_cr" filename="usr/share/crystal/src/io/argf.cr" line-rate="0.000">
					<lines>
						<line number="57" hits="0"/>
						<line number="58" hits="0"/>
					</lines>
				</class>
				<class name="printer_cr" filename="usr/share/crystal/src/float/printer.cr" line-rate="0.000">
					<lines>
						<line number="14" hits="0"/>
						<line number="17" hits="0"/>
						<line number="22" hits="0"/>
						<line number="24" hits="0"/>
						<line number="25" hits="0"/>
						<line number="36" hits="0"/>
						<line number="43" hits="0"/>
						<line number="47" hits="0"/>
						<line number="48" hits="0"/>
						<line number="56" hits="0"/>
						<line number="59" hits="0"/>
						<line number="66" hits="0"/>
						<line number="67" hits="0"/>
						<line number="70" hits="0"/>
						<line number="77" hits="0"/>
						<line number="82" hits="0"/>
						<line number="86" hits="0"/>
						<line number="91" hits="0"/>
						<line number="93" hits="0"/>
					</lines>
				</class>
			</classes>
		</package>
	</packages>
</coverage>
